[debug] [2023-08-06T14:33:55.362Z] ----------------------------------------------------------------------
[debug] [2023-08-06T14:33:55.365Z] Command:       C:\Program Files\nodejs\node.exe C:\Users\DigiKings\AppData\Roaming\npm\node_modules\firebase-tools\lib\bin\firebase.js init
[debug] [2023-08-06T14:33:55.366Z] CLI Version:   12.4.7
[debug] [2023-08-06T14:33:55.366Z] Platform:      win32
[debug] [2023-08-06T14:33:55.366Z] Node Version:  v18.16.1
[debug] [2023-08-06T14:33:55.367Z] Time:          Sun Aug 06 2023 20:03:55 GMT+0530 (India Standard Time)
[debug] [2023-08-06T14:33:55.368Z] ----------------------------------------------------------------------
[debug] 
[debug] [2023-08-06T14:33:55.378Z] > command requires scopes: ["email","openid","https://www.googleapis.com/auth/cloudplatformprojects.readonly","https://www.googleapis.com/auth/firebase","https://www.googleapis.com/auth/cloud-platform"]
[debug] [2023-08-06T14:33:55.378Z] > authorizing via signed-in user (gaush4u786@gmail.com)
[info] 
     ######## #### ########  ######## ########     ###     ######  ########
     ##        ##  ##     ## ##       ##     ##  ##   ##  ##       ##
     ######    ##  ########  ######   ########  #########  ######  ######
     ##        ##  ##    ##  ##       ##     ## ##     ##       ## ##
     ##       #### ##     ## ######## ########  ##     ##  ######  ########

You're about to initialize a Firebase project in this directory:

  C:\Users\DigiKings\Desktop\try\marketifythemes.net

[info] 
=== Project Setup
[info] 
[info] First, let's associate this project directory with a Firebase project.
[info] You can create multiple project aliases by running firebase use --add, 
[info] but for now we'll just set up a default project.
[info] 
[debug] [2023-08-06T14:40:26.450Z] >>> [apiv2][query] GET https://firebase.googleapis.com/v1beta1/projects pageSize=100
[debug] [2023-08-06T14:40:44.207Z] <<< [apiv2][status] GET https://firebase.googleapis.com/v1beta1/projects 200
[debug] [2023-08-06T14:40:44.208Z] <<< [apiv2][body] GET https://firebase.googleapis.com/v1beta1/projects [omitted]
[info] i  Using project gaush-portfolio-7dec5 (Gaush Portfolio) 
[info] 
=== Hosting Setup
[info] 
[info] Your public directory is the folder (relative to your project directory) that
[info] will contain Hosting assets to be uploaded with firebase deploy. If you
[info] have a build process for your assets, use your build's output directory.
[info] 
[info] +  Wrote index.html/404.html 
[debug] [2023-08-06T14:43:22.151Z] >>> [apiv2][query] GET https://www.gstatic.com/firebasejs/releases.json [none]
[debug] [2023-08-06T14:43:22.764Z] <<< [apiv2][status] GET https://www.gstatic.com/firebasejs/releases.json 200
[debug] [2023-08-06T14:43:22.764Z] <<< [apiv2][body] GET https://www.gstatic.com/firebasejs/releases.json {"current":{"version":"10.1.0","browserURL":"https://www.gstatic.com/firebasejs/10.1.0/firebase.js","packageURL":"https://www.gstatic.com/firebasejs/10.1.0/firebase.tgz"},"live":{"version":"10.1","browserURL":"https://www.gstatic.com/firebasejs/live/10.1/firebase.js","packageURL":"https://www.gstatic.com/firebasejs/live/10.1/firebase.tgz"},"components":{"analytics":"https://www.gstatic.com/firebasejs/10.1.0/firebase-analytics.js","app":"https://www.gstatic.com/firebasejs/10.1.0/firebase-app.js","app-check":"https://www.gstatic.com/firebasejs/10.1.0/firebase-app-check.js","auth":"https://www.gstatic.com/firebasejs/10.1.0/firebase-auth.js","auth/cordova":"https://www.gstatic.com/firebasejs/10.1.0/firebase-auth/cordova.js","functions":"https://www.gstatic.com/firebasejs/10.1.0/firebase-functions.js","firestore":"https://www.gstatic.com/firebasejs/10.1.0/firebase-firestore.js","firestore/lite":"https://www.gstatic.com/firebasejs/10.1.0/firebase-firestore/lite.js","installations":"https://www.gstatic.com/firebasejs/10.1.0/firebase-installations.js","storage":"https://www.gstatic.com/firebasejs/10.1.0/firebase-storage.js","performance":"https://www.gstatic.com/firebasejs/10.1.0/firebase-performance.js","remote-config":"https://www.gstatic.com/firebasejs/10.1.0/firebase-remote-config.js","messaging":"https://www.gstatic.com/firebasejs/10.1.0/firebase-messaging.js","messaging/sw":"https://www.gstatic.com/firebasejs/10.1.0/firebase-messaging/sw.js","database":"https://www.gstatic.com/firebasejs/10.1.0/firebase-database.js","firestore.memory":"https://www.gstatic.com/firebasejs/10.1.0/firebase-firestore.memory.js"}}
[info] +  Wrote index.html/index.html 
[info] 
[info] i  Didn't detect a .git folder. Assuming C:\Users\DigiKings\Desktop\try\marketifythemes.net is the project root. 
[info] i  Authorizing with GitHub to upload your service account to a GitHub repository's secrets store. 
[info] 
[info] Visit this URL on this device to log in:
[info] https://github.com/login/oauth/authorize?client_id=89cf50f02ac6aaed3484&state=116341633&redirect_uri=http%3A%2F%2Flocalhost%3A9005&scope=read%3Auser%20repo%20public_repo
[info] 
[info] Waiting for authentication...
[debug] [2023-08-06T14:43:33.382Z] >>> [apiv2][query] POST https://github.com/login/oauth/access_token [none]
[debug] [2023-08-06T14:43:33.383Z] >>> [apiv2][body] POST https://github.com/login/oauth/access_token [stream]
[debug] [2023-08-06T14:43:34.237Z] <<< [apiv2][status] POST https://github.com/login/oauth/access_token 200
[debug] [2023-08-06T14:43:34.237Z] <<< [apiv2][body] POST https://github.com/login/oauth/access_token {"access_token":"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","token_type":"bearer","scope":"read:user,repo"}
[debug] [2023-08-06T14:43:34.258Z] >>> [apiv2][query] GET https://api.github.com/user [none]
[debug] [2023-08-06T14:43:34.979Z] <<< [apiv2][status] GET https://api.github.com/user 200
[debug] [2023-08-06T14:43:34.980Z] <<< [apiv2][body] GET https://api.github.com/user {"login":"Gaush1","id":96510807,"node_id":"U_kgDOBcCjVw","avatar_url":"https://avatars.githubusercontent.com/u/96510807?v=4","gravatar_id":"","url":"https://api.github.com/users/Gaush1","html_url":"https://github.com/Gaush1","followers_url":"https://api.github.com/users/Gaush1/followers","following_url":"https://api.github.com/users/Gaush1/following{/other_user}","gists_url":"https://api.github.com/users/Gaush1/gists{/gist_id}","starred_url":"https://api.github.com/users/Gaush1/starred{/owner}{/repo}","subscriptions_url":"https://api.github.com/users/Gaush1/subscriptions","organizations_url":"https://api.github.com/users/Gaush1/orgs","repos_url":"https://api.github.com/users/Gaush1/repos","events_url":"https://api.github.com/users/Gaush1/events{/privacy}","received_events_url":"https://api.github.com/users/Gaush1/received_events","type":"User","site_admin":false,"name":"Mohammad Gaush Iftekhar","company":null,"blog":"","location":"Lucknow, U.P, India","email":null,"hireable":null,"bio":null,"twitter_username":null,"public_repos":4,"public_gists":0,"followers":0,"following":0,"created_at":"2021-12-22T04:07:15Z","updated_at":"2023-08-05T15:38:41Z","private_gists":0,"total_private_repos":1,"owned_private_repos":1,"disk_usage":436,"collaborators":0,"two_factor_authentication":false,"plan":{"name":"pro","space":976562499,"collaborators":0,"private_repos":9999}}
[info] 
[info] +  Success! Logged into GitHub as Gaush1 
[info] 
[debug] [2023-08-06T14:55:55.267Z] >>> [apiv2][query] GET https://api.github.com/repos/Gaush1/Portfolio/actions/secrets/public-key type=owner
[debug] [2023-08-06T14:55:56.482Z] <<< [apiv2][status] GET https://api.github.com/repos/Gaush1/Portfolio/actions/secrets/public-key 401
[debug] [2023-08-06T14:55:56.482Z] <<< [apiv2][body] GET https://api.github.com/repos/Gaush1/Portfolio/actions/secrets/public-key {"message":"Bad credentials","documentation_url":"https://docs.github.com/rest"}
